[2023-06-24T21:02:45.957+0000] {manager.py:483} INFO - Processing files using up to 2 processes at a time 
[2023-06-24T21:02:45.959+0000] {manager.py:484} INFO - Process each file at most once every 30 seconds
[2023-06-24T21:02:45.962+0000] {manager.py:486} INFO - Checking for new files in /opt/airflow/dags every 300 seconds
[2023-06-24T21:02:45.964+0000] {manager.py:724} INFO - Searching for files in /opt/airflow/dags
[2023-06-24T21:02:46.032+0000] {manager.py:727} INFO - There are 1 files in /opt/airflow/dags
[2023-06-24T21:02:46.093+0000] {manager.py:846} INFO - 
================================================================================
DAG File Processing Stats

File Path                                               PID  Runtime      # DAGs    # Errors  Last Runtime    Last Run
----------------------------------------------------  -----  ---------  --------  ----------  --------------  ----------
/opt/airflow/dags/airflow_dags/batch_etl_pipeline.py    182  0.02s             0           0
================================================================================
[2023-06-24T21:02:58.303+0000] {manager.py:465} INFO - Exiting gracefully upon receiving signal 15
[2023-06-24T21:05:03.433+0000] {manager.py:483} INFO - Processing files using up to 2 processes at a time 
[2023-06-24T21:05:03.436+0000] {manager.py:484} INFO - Process each file at most once every 30 seconds
[2023-06-24T21:05:03.438+0000] {manager.py:486} INFO - Checking for new files in /opt/airflow/dags every 300 seconds
[2023-06-24T21:05:03.441+0000] {manager.py:724} INFO - Searching for files in /opt/airflow/dags
[2023-06-24T21:05:03.519+0000] {manager.py:727} INFO - There are 1 files in /opt/airflow/dags
[2023-06-24T21:05:03.588+0000] {manager.py:846} INFO - 
================================================================================
DAG File Processing Stats

File Path                                               PID  Runtime      # DAGs    # Errors  Last Runtime    Last Run
----------------------------------------------------  -----  ---------  --------  ----------  --------------  ----------
/opt/airflow/dags/airflow_dags/batch_etl_pipeline.py    181  0.03s             0           0
================================================================================
[2023-06-24T21:05:33.848+0000] {manager.py:846} INFO - 
================================================================================
DAG File Processing Stats

File Path                                             PID    Runtime      # DAGs    # Errors  Last Runtime    Last Run
----------------------------------------------------  -----  ---------  --------  ----------  --------------  -------------------
/opt/airflow/dags/airflow_dags/batch_etl_pipeline.py                           0           1  1.09s           2023-06-24T21:05:04
================================================================================
[2023-06-24T21:06:03.913+0000] {manager.py:846} INFO - 
================================================================================
DAG File Processing Stats

File Path                                             PID    Runtime      # DAGs    # Errors  Last Runtime    Last Run
----------------------------------------------------  -----  ---------  --------  ----------  --------------  -------------------
/opt/airflow/dags/airflow_dags/batch_etl_pipeline.py                           0           1  0.55s           2023-06-24T21:05:35
================================================================================
[2023-06-24T21:06:34.463+0000] {manager.py:846} INFO - 
================================================================================
DAG File Processing Stats

File Path                                             PID    Runtime      # DAGs    # Errors  Last Runtime    Last Run
----------------------------------------------------  -----  ---------  --------  ----------  --------------  -------------------
/opt/airflow/dags/airflow_dags/batch_etl_pipeline.py                           0           1  0.61s           2023-06-24T21:06:06
================================================================================
[2023-06-24T21:07:05.232+0000] {manager.py:846} INFO - 
================================================================================
DAG File Processing Stats

File Path                                             PID    Runtime      # DAGs    # Errors  Last Runtime    Last Run
----------------------------------------------------  -----  ---------  --------  ----------  --------------  -------------------
/opt/airflow/dags/airflow_dags/batch_etl_pipeline.py                           0           1  0.34s           2023-06-24T21:06:37
================================================================================
[2023-06-24T21:07:35.764+0000] {manager.py:846} INFO - 
================================================================================
DAG File Processing Stats

File Path                                             PID    Runtime      # DAGs    # Errors  Last Runtime    Last Run
----------------------------------------------------  -----  ---------  --------  ----------  --------------  -------------------
/opt/airflow/dags/airflow_dags/batch_etl_pipeline.py                           0           1  0.49s           2023-06-24T21:07:07
================================================================================
[2023-06-24T21:08:06.417+0000] {manager.py:846} INFO - 
================================================================================
DAG File Processing Stats

File Path                                             PID    Runtime      # DAGs    # Errors  Last Runtime    Last Run
----------------------------------------------------  -----  ---------  --------  ----------  --------------  -------------------
/opt/airflow/dags/airflow_dags/batch_etl_pipeline.py                           0           1  0.41s           2023-06-24T21:07:44
================================================================================
[2023-06-24T21:08:36.455+0000] {manager.py:846} INFO - 
================================================================================
DAG File Processing Stats

File Path                                             PID    Runtime      # DAGs    # Errors  Last Runtime    Last Run
----------------------------------------------------  -----  ---------  --------  ----------  --------------  -------------------
/opt/airflow/dags/airflow_dags/batch_etl_pipeline.py                           0           1  0.44s           2023-06-24T21:08:15
================================================================================
[2023-06-24T21:09:06.853+0000] {manager.py:846} INFO - 
================================================================================
DAG File Processing Stats

File Path                                             PID    Runtime      # DAGs    # Errors  Last Runtime    Last Run
----------------------------------------------------  -----  ---------  --------  ----------  --------------  -------------------
/opt/airflow/dags/airflow_dags/batch_etl_pipeline.py                           0           1  0.49s           2023-06-24T21:08:46
================================================================================
[2023-06-24T21:09:37.203+0000] {manager.py:846} INFO - 
================================================================================
DAG File Processing Stats

File Path                                             PID    Runtime      # DAGs    # Errors  Last Runtime    Last Run
----------------------------------------------------  -----  ---------  --------  ----------  --------------  -------------------
/opt/airflow/dags/airflow_dags/batch_etl_pipeline.py                           0           1  0.78s           2023-06-24T21:09:17
================================================================================
[2023-06-24T21:10:03.538+0000] {manager.py:724} INFO - Searching for files in /opt/airflow/dags
[2023-06-24T21:10:03.590+0000] {manager.py:727} INFO - There are 1 files in /opt/airflow/dags
[2023-06-24T21:10:07.636+0000] {manager.py:846} INFO - 
================================================================================
DAG File Processing Stats

File Path                                             PID    Runtime      # DAGs    # Errors  Last Runtime    Last Run
----------------------------------------------------  -----  ---------  --------  ----------  --------------  -------------------
/opt/airflow/dags/airflow_dags/batch_etl_pipeline.py                           0           1  0.62s           2023-06-24T21:09:47
================================================================================
[2023-06-24T21:10:37.924+0000] {manager.py:846} INFO - 
================================================================================
DAG File Processing Stats

File Path                                             PID    Runtime      # DAGs    # Errors  Last Runtime    Last Run
----------------------------------------------------  -----  ---------  --------  ----------  --------------  -------------------
/opt/airflow/dags/airflow_dags/batch_etl_pipeline.py                           0           1  0.42s           2023-06-24T21:10:18
================================================================================
[2023-06-24T21:11:08.261+0000] {manager.py:846} INFO - 
================================================================================
DAG File Processing Stats

File Path                                             PID    Runtime      # DAGs    # Errors  Last Runtime    Last Run
----------------------------------------------------  -----  ---------  --------  ----------  --------------  -------------------
/opt/airflow/dags/airflow_dags/batch_etl_pipeline.py                           0           1  0.42s           2023-06-24T21:10:49
================================================================================
[2023-06-24T21:11:38.296+0000] {manager.py:846} INFO - 
================================================================================
DAG File Processing Stats

File Path                                             PID    Runtime      # DAGs    # Errors  Last Runtime    Last Run
----------------------------------------------------  -----  ---------  --------  ----------  --------------  -------------------
/opt/airflow/dags/airflow_dags/batch_etl_pipeline.py                           0           1  0.29s           2023-06-24T21:11:20
================================================================================
[2023-06-24T21:12:08.776+0000] {manager.py:846} INFO - 
================================================================================
DAG File Processing Stats

File Path                                             PID    Runtime      # DAGs    # Errors  Last Runtime    Last Run
----------------------------------------------------  -----  ---------  --------  ----------  --------------  -------------------
/opt/airflow/dags/airflow_dags/batch_etl_pipeline.py                           0           1  0.40s           2023-06-24T21:11:50
================================================================================
[2023-06-24T21:12:38.799+0000] {manager.py:846} INFO - 
================================================================================
DAG File Processing Stats

File Path                                             PID    Runtime      # DAGs    # Errors  Last Runtime    Last Run
----------------------------------------------------  -----  ---------  --------  ----------  --------------  -------------------
/opt/airflow/dags/airflow_dags/batch_etl_pipeline.py                           0           1  0.59s           2023-06-24T21:12:21
================================================================================
[2023-06-24T21:13:09.478+0000] {manager.py:846} INFO - 
================================================================================
DAG File Processing Stats

File Path                                             PID    Runtime      # DAGs    # Errors  Last Runtime    Last Run
----------------------------------------------------  -----  ---------  --------  ----------  --------------  -------------------
/opt/airflow/dags/airflow_dags/batch_etl_pipeline.py                           0           1  0.62s           2023-06-24T21:12:52
================================================================================
[2023-06-24T21:13:40.014+0000] {manager.py:846} INFO - 
================================================================================
DAG File Processing Stats

File Path                                             PID    Runtime      # DAGs    # Errors  Last Runtime    Last Run
----------------------------------------------------  -----  ---------  --------  ----------  --------------  -------------------
/opt/airflow/dags/airflow_dags/batch_etl_pipeline.py                           0           1  0.46s           2023-06-24T21:13:23
================================================================================
[2023-06-24T21:14:10.607+0000] {manager.py:846} INFO - 
================================================================================
DAG File Processing Stats

File Path                                             PID    Runtime      # DAGs    # Errors  Last Runtime    Last Run
----------------------------------------------------  -----  ---------  --------  ----------  --------------  -------------------
/opt/airflow/dags/airflow_dags/batch_etl_pipeline.py                           0           1  0.63s           2023-06-24T21:13:53
================================================================================
[2023-06-24T21:14:41.336+0000] {manager.py:846} INFO - 
================================================================================
DAG File Processing Stats

File Path                                             PID    Runtime      # DAGs    # Errors  Last Runtime    Last Run
----------------------------------------------------  -----  ---------  --------  ----------  --------------  -------------------
/opt/airflow/dags/airflow_dags/batch_etl_pipeline.py                           0           1  0.36s           2023-06-24T21:14:24
================================================================================
[2023-06-24T21:15:03.805+0000] {manager.py:724} INFO - Searching for files in /opt/airflow/dags
[2023-06-24T21:15:03.850+0000] {manager.py:727} INFO - There are 1 files in /opt/airflow/dags
[2023-06-24T21:15:11.966+0000] {manager.py:846} INFO - 
================================================================================
DAG File Processing Stats

File Path                                             PID    Runtime      # DAGs    # Errors  Last Runtime    Last Run
----------------------------------------------------  -----  ---------  --------  ----------  --------------  -------------------
/opt/airflow/dags/airflow_dags/batch_etl_pipeline.py                           0           1  0.40s           2023-06-24T21:14:54
================================================================================
[2023-06-24T21:15:42.347+0000] {manager.py:846} INFO - 
================================================================================
DAG File Processing Stats

File Path                                             PID    Runtime      # DAGs    # Errors  Last Runtime    Last Run
----------------------------------------------------  -----  ---------  --------  ----------  --------------  -------------------
/opt/airflow/dags/airflow_dags/batch_etl_pipeline.py                           0           1  0.30s           2023-06-24T21:15:25
================================================================================
[2023-06-24T21:16:13.023+0000] {manager.py:846} INFO - 
================================================================================
DAG File Processing Stats

File Path                                             PID    Runtime      # DAGs    # Errors  Last Runtime    Last Run
----------------------------------------------------  -----  ---------  --------  ----------  --------------  -------------------
/opt/airflow/dags/airflow_dags/batch_etl_pipeline.py                           0           1  0.63s           2023-06-24T21:15:56
================================================================================
[2023-06-24T21:16:43.738+0000] {manager.py:846} INFO - 
================================================================================
DAG File Processing Stats

File Path                                             PID    Runtime      # DAGs    # Errors  Last Runtime    Last Run
----------------------------------------------------  -----  ---------  --------  ----------  --------------  -------------------
/opt/airflow/dags/airflow_dags/batch_etl_pipeline.py                           0           1  0.43s           2023-06-24T21:16:26
================================================================================
[2023-06-24T21:17:13.800+0000] {manager.py:846} INFO - 
================================================================================
DAG File Processing Stats

File Path                                             PID    Runtime      # DAGs    # Errors  Last Runtime    Last Run
----------------------------------------------------  -----  ---------  --------  ----------  --------------  -------------------
/opt/airflow/dags/airflow_dags/batch_etl_pipeline.py                           0           1  0.70s           2023-06-24T21:16:57
================================================================================
[2023-06-24T21:17:13.978+0000] {manager.py:465} INFO - Exiting gracefully upon receiving signal 15
[2023-06-24T21:18:28.198+0000] {manager.py:483} INFO - Processing files using up to 2 processes at a time 
[2023-06-24T21:18:28.201+0000] {manager.py:484} INFO - Process each file at most once every 30 seconds
[2023-06-24T21:18:28.203+0000] {manager.py:486} INFO - Checking for new files in /opt/airflow/dags every 300 seconds
[2023-06-24T21:18:28.206+0000] {manager.py:724} INFO - Searching for files in /opt/airflow/dags
[2023-06-24T21:18:28.302+0000] {manager.py:727} INFO - There are 1 files in /opt/airflow/dags
[2023-06-24T21:18:28.353+0000] {manager.py:846} INFO - 
================================================================================
DAG File Processing Stats

File Path                                               PID  Runtime      # DAGs    # Errors  Last Runtime    Last Run
----------------------------------------------------  -----  ---------  --------  ----------  --------------  ----------
/opt/airflow/dags/airflow_dags/batch_etl_pipeline.py    181  0.02s             0           0
================================================================================
[2023-06-24T21:18:58.601+0000] {manager.py:846} INFO - 
================================================================================
DAG File Processing Stats

File Path                                             PID    Runtime      # DAGs    # Errors  Last Runtime    Last Run
----------------------------------------------------  -----  ---------  --------  ----------  --------------  -------------------
/opt/airflow/dags/airflow_dags/batch_etl_pipeline.py                           0           1  1.04s           2023-06-24T21:18:29
================================================================================
[2023-06-24T21:19:28.923+0000] {manager.py:846} INFO - 
================================================================================
DAG File Processing Stats

File Path                                             PID    Runtime      # DAGs    # Errors  Last Runtime    Last Run
----------------------------------------------------  -----  ---------  --------  ----------  --------------  -------------------
/opt/airflow/dags/airflow_dags/batch_etl_pipeline.py                           0           1  0.56s           2023-06-24T21:19:00
================================================================================
[2023-06-24T21:19:59.245+0000] {manager.py:846} INFO - 
================================================================================
DAG File Processing Stats

File Path                                             PID    Runtime      # DAGs    # Errors  Last Runtime    Last Run
----------------------------------------------------  -----  ---------  --------  ----------  --------------  -------------------
/opt/airflow/dags/airflow_dags/batch_etl_pipeline.py                           0           1  0.76s           2023-06-24T21:19:31
================================================================================
[2023-06-24T21:20:29.588+0000] {manager.py:846} INFO - 
================================================================================
DAG File Processing Stats

File Path                                             PID    Runtime      # DAGs    # Errors  Last Runtime    Last Run
----------------------------------------------------  -----  ---------  --------  ----------  --------------  -------------------
/opt/airflow/dags/airflow_dags/batch_etl_pipeline.py                           0           1  0.72s           2023-06-24T21:20:02
================================================================================
[2023-06-24T21:20:59.687+0000] {manager.py:846} INFO - 
================================================================================
DAG File Processing Stats

File Path                                             PID    Runtime      # DAGs    # Errors  Last Runtime    Last Run
----------------------------------------------------  -----  ---------  --------  ----------  --------------  -------------------
/opt/airflow/dags/airflow_dags/batch_etl_pipeline.py                           0           1  0.70s           2023-06-24T21:20:33
================================================================================
[2023-06-24T21:21:29.778+0000] {manager.py:846} INFO - 
================================================================================
DAG File Processing Stats

File Path                                             PID    Runtime      # DAGs    # Errors  Last Runtime    Last Run
----------------------------------------------------  -----  ---------  --------  ----------  --------------  -------------------
/opt/airflow/dags/airflow_dags/batch_etl_pipeline.py                           0           1  0.75s           2023-06-24T21:21:04
================================================================================
[2023-06-24T21:22:00.486+0000] {manager.py:846} INFO - 
================================================================================
DAG File Processing Stats

File Path                                             PID    Runtime      # DAGs    # Errors  Last Runtime    Last Run
----------------------------------------------------  -----  ---------  --------  ----------  --------------  -------------------
/opt/airflow/dags/airflow_dags/batch_etl_pipeline.py                           0           1  0.61s           2023-06-24T21:21:35
================================================================================
[2023-06-24T21:22:30.910+0000] {manager.py:846} INFO - 
================================================================================
DAG File Processing Stats

File Path                                             PID    Runtime      # DAGs    # Errors  Last Runtime    Last Run
----------------------------------------------------  -----  ---------  --------  ----------  --------------  -------------------
/opt/airflow/dags/airflow_dags/batch_etl_pipeline.py                           0           1  0.57s           2023-06-24T21:22:06
================================================================================
[2023-06-24T21:23:01.228+0000] {manager.py:846} INFO - 
================================================================================
DAG File Processing Stats

File Path                                             PID    Runtime      # DAGs    # Errors  Last Runtime    Last Run
----------------------------------------------------  -----  ---------  --------  ----------  --------------  -------------------
/opt/airflow/dags/airflow_dags/batch_etl_pipeline.py                           0           1  0.57s           2023-06-24T21:22:36
================================================================================
[2023-06-24T21:23:28.484+0000] {manager.py:724} INFO - Searching for files in /opt/airflow/dags
[2023-06-24T21:23:28.554+0000] {manager.py:727} INFO - There are 1 files in /opt/airflow/dags
[2023-06-24T21:23:31.588+0000] {manager.py:846} INFO - 
================================================================================
DAG File Processing Stats

File Path                                             PID    Runtime      # DAGs    # Errors  Last Runtime    Last Run
----------------------------------------------------  -----  ---------  --------  ----------  --------------  -------------------
/opt/airflow/dags/airflow_dags/batch_etl_pipeline.py                           0           1  0.66s           2023-06-24T21:23:21
================================================================================
[2023-06-24T21:24:01.920+0000] {manager.py:846} INFO - 
================================================================================
DAG File Processing Stats

File Path                                             PID    Runtime      # DAGs    # Errors  Last Runtime    Last Run
----------------------------------------------------  -----  ---------  --------  ----------  --------------  -------------------
/opt/airflow/dags/airflow_dags/batch_etl_pipeline.py                           0           1  0.77s           2023-06-24T21:23:52
================================================================================
[2023-06-24T21:24:31.936+0000] {manager.py:846} INFO - 
================================================================================
DAG File Processing Stats

File Path                                             PID    Runtime      # DAGs    # Errors  Last Runtime    Last Run
----------------------------------------------------  -----  ---------  --------  ----------  --------------  -------------------
/opt/airflow/dags/airflow_dags/batch_etl_pipeline.py                           0           1  0.68s           2023-06-24T21:24:23
================================================================================
[2023-06-24T21:25:02.066+0000] {manager.py:846} INFO - 
================================================================================
DAG File Processing Stats

File Path                                             PID    Runtime      # DAGs    # Errors  Last Runtime    Last Run
----------------------------------------------------  -----  ---------  --------  ----------  --------------  -------------------
/opt/airflow/dags/airflow_dags/batch_etl_pipeline.py                           0           1  0.72s           2023-06-24T21:24:54
================================================================================
[2023-06-24T21:25:32.760+0000] {manager.py:846} INFO - 
================================================================================
DAG File Processing Stats

File Path                                             PID    Runtime      # DAGs    # Errors  Last Runtime    Last Run
----------------------------------------------------  -----  ---------  --------  ----------  --------------  -------------------
/opt/airflow/dags/airflow_dags/batch_etl_pipeline.py                           0           1  0.67s           2023-06-24T21:25:25
================================================================================
[2023-06-24T21:26:02.804+0000] {manager.py:846} INFO - 
================================================================================
DAG File Processing Stats

File Path                                             PID    Runtime      # DAGs    # Errors  Last Runtime    Last Run
----------------------------------------------------  -----  ---------  --------  ----------  --------------  -------------------
/opt/airflow/dags/airflow_dags/batch_etl_pipeline.py                           0           1  0.65s           2023-06-24T21:25:56
================================================================================
[2023-06-24T21:26:33.194+0000] {manager.py:846} INFO - 
================================================================================
DAG File Processing Stats

File Path                                             PID    Runtime      # DAGs    # Errors  Last Runtime    Last Run
----------------------------------------------------  -----  ---------  --------  ----------  --------------  -------------------
/opt/airflow/dags/airflow_dags/batch_etl_pipeline.py                           0           1  0.37s           2023-06-24T21:26:24
================================================================================
[2023-06-24T21:26:36.534+0000] {manager.py:465} INFO - Exiting gracefully upon receiving signal 15
[2023-06-24T21:27:28.167+0000] {manager.py:483} INFO - Processing files using up to 2 processes at a time 
[2023-06-24T21:27:28.170+0000] {manager.py:484} INFO - Process each file at most once every 30 seconds
[2023-06-24T21:27:28.173+0000] {manager.py:486} INFO - Checking for new files in /opt/airflow/dags every 300 seconds
[2023-06-24T21:27:28.176+0000] {manager.py:724} INFO - Searching for files in /opt/airflow/dags
[2023-06-24T21:27:28.266+0000] {manager.py:727} INFO - There are 1 files in /opt/airflow/dags
[2023-06-24T21:27:28.336+0000] {manager.py:846} INFO - 
================================================================================
DAG File Processing Stats

File Path                                               PID  Runtime      # DAGs    # Errors  Last Runtime    Last Run
----------------------------------------------------  -----  ---------  --------  ----------  --------------  ----------
/opt/airflow/dags/airflow_dags/batch_etl_pipeline.py    181  0.03s             0           0
================================================================================
[2023-06-24T21:27:58.536+0000] {manager.py:846} INFO - 
================================================================================
DAG File Processing Stats

File Path                                             PID    Runtime      # DAGs    # Errors  Last Runtime    Last Run
----------------------------------------------------  -----  ---------  --------  ----------  --------------  -------------------
/opt/airflow/dags/airflow_dags/batch_etl_pipeline.py                           0           1  1.02s           2023-06-24T21:27:29
================================================================================
[2023-06-24T21:28:28.840+0000] {manager.py:846} INFO - 
================================================================================
DAG File Processing Stats

File Path                                             PID    Runtime      # DAGs    # Errors  Last Runtime    Last Run
----------------------------------------------------  -----  ---------  --------  ----------  --------------  -------------------
/opt/airflow/dags/airflow_dags/batch_etl_pipeline.py                           0           1  0.61s           2023-06-24T21:28:00
================================================================================
[2023-06-24T21:28:59.107+0000] {manager.py:846} INFO - 
================================================================================
DAG File Processing Stats

File Path                                             PID    Runtime      # DAGs    # Errors  Last Runtime    Last Run
----------------------------------------------------  -----  ---------  --------  ----------  --------------  -------------------
/opt/airflow/dags/airflow_dags/batch_etl_pipeline.py                           0           1  0.67s           2023-06-24T21:28:31
================================================================================
[2023-06-24T21:29:29.158+0000] {manager.py:846} INFO - 
================================================================================
DAG File Processing Stats

File Path                                             PID    Runtime      # DAGs    # Errors  Last Runtime    Last Run
----------------------------------------------------  -----  ---------  --------  ----------  --------------  -------------------
/opt/airflow/dags/airflow_dags/batch_etl_pipeline.py                           0           1  0.39s           2023-06-24T21:29:01
================================================================================
[2023-06-24T21:29:59.520+0000] {manager.py:846} INFO - 
================================================================================
DAG File Processing Stats

File Path                                             PID    Runtime      # DAGs    # Errors  Last Runtime    Last Run
----------------------------------------------------  -----  ---------  --------  ----------  --------------  -------------------
/opt/airflow/dags/airflow_dags/batch_etl_pipeline.py                           0           1  0.27s           2023-06-24T21:29:32
================================================================================
[2023-06-24T21:30:29.965+0000] {manager.py:846} INFO - 
================================================================================
DAG File Processing Stats

File Path                                             PID    Runtime      # DAGs    # Errors  Last Runtime    Last Run
----------------------------------------------------  -----  ---------  --------  ----------  --------------  -------------------
/opt/airflow/dags/airflow_dags/batch_etl_pipeline.py                           0           1  0.37s           2023-06-24T21:30:02
================================================================================
[2023-06-24T21:31:00.461+0000] {manager.py:846} INFO - 
================================================================================
DAG File Processing Stats

File Path                                             PID    Runtime      # DAGs    # Errors  Last Runtime    Last Run
----------------------------------------------------  -----  ---------  --------  ----------  --------------  -------------------
/opt/airflow/dags/airflow_dags/batch_etl_pipeline.py                           0           1  0.44s           2023-06-24T21:30:33
================================================================================
[2023-06-24T21:31:31.226+0000] {manager.py:846} INFO - 
================================================================================
DAG File Processing Stats

File Path                                             PID    Runtime      # DAGs    # Errors  Last Runtime    Last Run
----------------------------------------------------  -----  ---------  --------  ----------  --------------  -------------------
/opt/airflow/dags/airflow_dags/batch_etl_pipeline.py                           0           1  0.55s           2023-06-24T21:31:04
================================================================================
[2023-06-24T21:32:01.410+0000] {manager.py:846} INFO - 
================================================================================
DAG File Processing Stats

File Path                                             PID    Runtime      # DAGs    # Errors  Last Runtime    Last Run
----------------------------------------------------  -----  ---------  --------  ----------  --------------  -------------------
/opt/airflow/dags/airflow_dags/batch_etl_pipeline.py                           0           1  0.75s           2023-06-24T21:31:35
================================================================================
[2023-06-24T21:32:28.287+0000] {manager.py:724} INFO - Searching for files in /opt/airflow/dags
[2023-06-24T21:32:28.366+0000] {manager.py:727} INFO - There are 1 files in /opt/airflow/dags
[2023-06-24T21:32:31.453+0000] {manager.py:846} INFO - 
================================================================================
DAG File Processing Stats

File Path                                             PID    Runtime      # DAGs    # Errors  Last Runtime    Last Run
----------------------------------------------------  -----  ---------  --------  ----------  --------------  -------------------
/opt/airflow/dags/airflow_dags/batch_etl_pipeline.py                           0           1  0.63s           2023-06-24T21:32:06
================================================================================
[2023-06-24T21:33:02.286+0000] {manager.py:846} INFO - 
================================================================================
DAG File Processing Stats

File Path                                             PID    Runtime      # DAGs    # Errors  Last Runtime    Last Run
----------------------------------------------------  -----  ---------  --------  ----------  --------------  -------------------
/opt/airflow/dags/airflow_dags/batch_etl_pipeline.py                           0           1  0.46s           2023-06-24T21:32:36
================================================================================
[2023-06-24T21:33:32.725+0000] {manager.py:846} INFO - 
================================================================================
DAG File Processing Stats

File Path                                             PID    Runtime      # DAGs    # Errors  Last Runtime    Last Run
----------------------------------------------------  -----  ---------  --------  ----------  --------------  -------------------
/opt/airflow/dags/airflow_dags/batch_etl_pipeline.py                           0           1  0.50s           2023-06-24T21:33:07
================================================================================
[2023-06-24T21:34:03.349+0000] {manager.py:846} INFO - 
================================================================================
DAG File Processing Stats

File Path                                             PID    Runtime      # DAGs    # Errors  Last Runtime    Last Run
----------------------------------------------------  -----  ---------  --------  ----------  --------------  -------------------
/opt/airflow/dags/airflow_dags/batch_etl_pipeline.py                           0           1  1.14s           2023-06-24T21:33:39
================================================================================
[2023-06-24T21:34:33.694+0000] {manager.py:846} INFO - 
================================================================================
DAG File Processing Stats

File Path                                             PID    Runtime      # DAGs    # Errors  Last Runtime    Last Run
----------------------------------------------------  -----  ---------  --------  ----------  --------------  -------------------
/opt/airflow/dags/airflow_dags/batch_etl_pipeline.py                           0           1  0.49s           2023-06-24T21:34:09
================================================================================
[2023-06-24T21:35:03.973+0000] {manager.py:846} INFO - 
================================================================================
DAG File Processing Stats

File Path                                             PID    Runtime      # DAGs    # Errors  Last Runtime    Last Run
----------------------------------------------------  -----  ---------  --------  ----------  --------------  -------------------
/opt/airflow/dags/airflow_dags/batch_etl_pipeline.py                           0           1  0.87s           2023-06-24T21:34:41
================================================================================
[2023-06-24T21:35:14.612+0000] {manager.py:465} INFO - Exiting gracefully upon receiving signal 15
[2023-06-24T21:36:08.942+0000] {manager.py:483} INFO - Processing files using up to 2 processes at a time 
[2023-06-24T21:36:08.961+0000] {manager.py:484} INFO - Process each file at most once every 30 seconds
[2023-06-24T21:36:08.964+0000] {manager.py:486} INFO - Checking for new files in /opt/airflow/dags every 300 seconds
[2023-06-24T21:36:08.970+0000] {manager.py:724} INFO - Searching for files in /opt/airflow/dags
[2023-06-24T21:36:09.052+0000] {manager.py:727} INFO - There are 1 files in /opt/airflow/dags
[2023-06-24T21:36:09.123+0000] {manager.py:846} INFO - 
================================================================================
DAG File Processing Stats

File Path                                               PID  Runtime      # DAGs    # Errors  Last Runtime    Last Run
----------------------------------------------------  -----  ---------  --------  ----------  --------------  ----------
/opt/airflow/dags/airflow_dags/batch_etl_pipeline.py    189  0.03s             0           0
================================================================================
[2023-06-24T21:36:39.322+0000] {manager.py:846} INFO - 
================================================================================
DAG File Processing Stats

File Path                                             PID    Runtime      # DAGs    # Errors  Last Runtime    Last Run
----------------------------------------------------  -----  ---------  --------  ----------  --------------  -------------------
/opt/airflow/dags/airflow_dags/batch_etl_pipeline.py                           0           1  1.00s           2023-06-24T21:36:10
================================================================================
[2023-06-24T21:37:09.461+0000] {manager.py:846} INFO - 
================================================================================
DAG File Processing Stats

File Path                                             PID    Runtime      # DAGs    # Errors  Last Runtime    Last Run
----------------------------------------------------  -----  ---------  --------  ----------  --------------  -------------------
/opt/airflow/dags/airflow_dags/batch_etl_pipeline.py                           0           1  0.86s           2023-06-24T21:36:41
================================================================================
[2023-06-24T21:37:39.693+0000] {manager.py:846} INFO - 
================================================================================
DAG File Processing Stats

File Path                                             PID    Runtime      # DAGs    # Errors  Last Runtime    Last Run
----------------------------------------------------  -----  ---------  --------  ----------  --------------  -------------------
/opt/airflow/dags/airflow_dags/batch_etl_pipeline.py                           0           1  0.74s           2023-06-24T21:37:12
================================================================================
[2023-06-24T21:38:10.164+0000] {manager.py:846} INFO - 
================================================================================
DAG File Processing Stats

File Path                                             PID    Runtime      # DAGs    # Errors  Last Runtime    Last Run
----------------------------------------------------  -----  ---------  --------  ----------  --------------  -------------------
/opt/airflow/dags/airflow_dags/batch_etl_pipeline.py                           0           1  0.56s           2023-06-24T21:37:43
================================================================================
[2023-06-24T21:38:40.924+0000] {manager.py:846} INFO - 
================================================================================
DAG File Processing Stats

File Path                                             PID    Runtime      # DAGs    # Errors  Last Runtime    Last Run
----------------------------------------------------  -----  ---------  --------  ----------  --------------  -------------------
/opt/airflow/dags/airflow_dags/batch_etl_pipeline.py                           0           1  0.44s           2023-06-24T21:38:13
================================================================================
[2023-06-24T21:39:11.360+0000] {manager.py:846} INFO - 
================================================================================
DAG File Processing Stats

File Path                                             PID    Runtime      # DAGs    # Errors  Last Runtime    Last Run
----------------------------------------------------  -----  ---------  --------  ----------  --------------  -------------------
/opt/airflow/dags/airflow_dags/batch_etl_pipeline.py                           0           1  0.45s           2023-06-24T21:38:44
================================================================================
[2023-06-24T21:39:41.475+0000] {manager.py:846} INFO - 
================================================================================
DAG File Processing Stats

File Path                                             PID    Runtime      # DAGs    # Errors  Last Runtime    Last Run
----------------------------------------------------  -----  ---------  --------  ----------  --------------  -------------------
/opt/airflow/dags/airflow_dags/batch_etl_pipeline.py                           0           1  0.35s           2023-06-24T21:39:15
================================================================================
[2023-06-24T21:40:11.825+0000] {manager.py:846} INFO - 
================================================================================
DAG File Processing Stats

File Path                                             PID    Runtime      # DAGs    # Errors  Last Runtime    Last Run
----------------------------------------------------  -----  ---------  --------  ----------  --------------  -------------------
/opt/airflow/dags/airflow_dags/batch_etl_pipeline.py                           0           1  0.48s           2023-06-24T21:39:45
================================================================================
[2023-06-24T21:40:42.213+0000] {manager.py:846} INFO - 
================================================================================
DAG File Processing Stats

File Path                                             PID    Runtime      # DAGs    # Errors  Last Runtime    Last Run
----------------------------------------------------  -----  ---------  --------  ----------  --------------  -------------------
/opt/airflow/dags/airflow_dags/batch_etl_pipeline.py                           0           1  0.54s           2023-06-24T21:40:16
================================================================================
[2023-06-24T21:41:09.542+0000] {manager.py:724} INFO - Searching for files in /opt/airflow/dags
[2023-06-24T21:41:09.590+0000] {manager.py:727} INFO - There are 1 files in /opt/airflow/dags
[2023-06-24T21:41:12.661+0000] {manager.py:846} INFO - 
================================================================================
DAG File Processing Stats

File Path                                             PID    Runtime      # DAGs    # Errors  Last Runtime    Last Run
----------------------------------------------------  -----  ---------  --------  ----------  --------------  -------------------
/opt/airflow/dags/airflow_dags/batch_etl_pipeline.py                           0           1  0.85s           2023-06-24T21:40:47
================================================================================
[2023-06-24T21:41:43.239+0000] {manager.py:846} INFO - 
================================================================================
DAG File Processing Stats

File Path                                             PID    Runtime      # DAGs    # Errors  Last Runtime    Last Run
----------------------------------------------------  -----  ---------  --------  ----------  --------------  -------------------
/opt/airflow/dags/airflow_dags/batch_etl_pipeline.py                           0           1  0.46s           2023-06-24T21:41:18
================================================================================
[2023-06-24T21:42:13.698+0000] {manager.py:846} INFO - 
================================================================================
DAG File Processing Stats

File Path                                             PID    Runtime      # DAGs    # Errors  Last Runtime    Last Run
----------------------------------------------------  -----  ---------  --------  ----------  --------------  -------------------
/opt/airflow/dags/airflow_dags/batch_etl_pipeline.py                           0           1  0.38s           2023-06-24T21:41:48
================================================================================
[2023-06-24T21:42:44.406+0000] {manager.py:846} INFO - 
================================================================================
DAG File Processing Stats

File Path                                             PID    Runtime      # DAGs    # Errors  Last Runtime    Last Run
----------------------------------------------------  -----  ---------  --------  ----------  --------------  -------------------
/opt/airflow/dags/airflow_dags/batch_etl_pipeline.py                           0           1  0.40s           2023-06-24T21:42:19
================================================================================
[2023-06-24T21:43:09.746+0000] {manager.py:465} INFO - Exiting gracefully upon receiving signal 15
